[2025-04-19 16:00:26] INFO: KhanhDang071124@gmail.com (9) - [POST] /api/users/me
[2025-04-19 16:00:51] INFO: KhanhDang071124@gmail.com (9) - [POST] /api/users/me
[2025-04-19 16:01:53] INFO: KhanhDang071124@gmail.com (9) - [POST] /api/users/me
[2025-04-19 16:16:00] INFO: teka071124@gmail.com (10) - [GET] /api/auth/me
[2025-04-22 21:34:47] INFO: Unknown (Unknown) - [POST] /api/auth/register
[2025-04-22 21:35:49] INFO: Unknown (Unknown) - [POST] /api/auth/verify-otp
[2025-04-22 21:44:14] INFO: Unknown (Unknown) - [POST] /api/auth/send-otp
[2025-04-22 21:44:32] INFO: Unknown (Unknown) - [POST] /api/auth/verify-otp
[2025-04-22 21:45:02] INFO: Unknown (Unknown) - [POST] /api/auth/login
[2025-04-22 21:47:38] INFO: Unknown (Unknown) - [POST] /api/auth/me
[2025-04-22 21:47:42] INFO: Unknown (Unknown) - [GET] /api/auth/me
[2025-04-22 21:48:45] INFO: Unknown (Unknown) - [GET] /api/auth/me
[2025-04-22 21:52:58] INFO: Unknown (Unknown) - [POST] /api/auth/register
[2025-04-22 21:53:35] INFO: Unknown (Unknown) - [POST] /api/auth/register
[2025-04-22 21:54:22] INFO: Unknown (Unknown) - [POST] /api/auth/verify-otp
[2025-04-22 21:57:45] INFO: Unknown (Unknown) - [POST] /api/auth/register
[2025-04-22 21:58:44] INFO: Unknown (Unknown) - [POST] /api/auth/verify-otp
[2025-04-22 22:01:37] INFO: Unknown (Unknown) - [POST] /api/auth/verify-otp
[2025-04-22 22:01:45] INFO: Unknown (Unknown) - [POST] /api/auth/verify-otp
[2025-04-22 22:03:24] INFO: Unknown (Unknown) - [POST] /api/auth/verify-otp
[2025-04-22 22:03:53] INFO: Unknown (Unknown) - [DELETE] /api/auth/register
[2025-04-22 22:04:17] INFO: Unknown (Unknown) - [DELETE] /api/auth/register
[2025-04-22 22:04:23] INFO: Unknown (Unknown) - [POST] /api/auth/register
[2025-04-22 22:04:59] INFO: Unknown (Unknown) - [POST] /api/auth/register
[2025-04-22 22:05:46] INFO: Unknown (Unknown) - [POST] /api/auth/verify-otp
[2025-04-22 22:05:50] INFO: Unknown (Unknown) - [POST] /api/auth/verify-otp
[2025-04-22 22:06:15] INFO: Unknown (Unknown) - [POST] /api/auth/verify-otp
[2025-04-22 22:06:39] INFO: Unknown (Unknown) - [POST] /api/auth/login
